mkdir: created directory `/var/backups-daily//148.251.14.211/db/231'
Backup Run with : /var/admin/backups-daily/directives/digit9.0.dh.all.opt.sh
Dumping: 99yrs
Dumping: 9winds
Dumping: akolachem
Dumping: akshai_sarin
Dumping: alfuttaim
Dumping: amtoi
Dumping: amtoiwp
Dumping: audiophilenetwork
Dumping: babloohappyhai
Dumping: bds_jobs
Dumping: bluebustees
Dumping: bombaysports
Dumping: cadbury
Dumping: captainrohit
Dumping: chanakya
Dumping: chocohs9_chocohollics
Dumping: corpcom_corpdb
Dumping: cottonpress
Dumping: crick11
Dumping: d9adserver
Dumping: dieselworld
Dumping: digit9
Dumping: dmai
Dumping: dmai-main
Dumping: everythingtraining
Dumping: fabsedu
Dumping: facebook
Dumping: facegym
Dumping: far
Dumping: fbtab
Dumping: fbtools
Dumping: fcilon_shop
Backup Run with : /var/admin/backups-daily/directives/digit9.0.dh.all.opt.sh
Dumping: 99yrs
Dumping: 9winds
Dumping: akolachem
Dumping: akshai_sarin
Dumping: alfuttaim
Dumping: amtoi
Dumping: amtoiwp
Dumping: audiophilenetwork
Dumping: babloohappyhai
Dumping: bds_jobs
Dumping: bluebustees
Dumping: bombaysports
Dumping: cadbury
Dumping: captainrohit
Dumping: chanakya
Dumping: chocohs9_chocohollics
Dumping: corpcom_corpdb
Dumping: cottonpress
Dumping: crick11
Dumping: d9adserver
Dumping: dieselworld
Dumping: digit9
Dumping: dmai
Dumping: dmai-main
Dumping: everythingtraining
Dumping: fabsedu
Dumping: facebook
Dumping: facegym
Dumping: far
Dumping: fbtab
Dumping: fbtools
Dumping: fcilon_shop
Dumping: feeds
Dumping: filmsofindia_tamil
Dumping: foi
Dumping: foi_tamil
Dumping: funkymonkey
Dumping: funkymonkeynew
Dumping: gist_live
Dumping: grasshopper
Dumping: hiracoventures
Dumping: hivegym
Dumping: idea
Dumping: idea1
Dumping: imagetiadata
Dumping: imf
Dumping: inchincloser
Dumping: indianatie
Dumping: ipcountry
Dumping: j4kids
Dumping: jaldibhej
Dumping: jazz
Dumping: jiya
Dumping: korpbiz
Dumping: lakers
Dumping: lifepremium
Dumping: live9tv
Dumping: luminosity
Dumping: luxtre
Dumping: macgregorweb
Dumping: maearthbotanicals
Dumping: mail99yrs
Dumping: mailx
Dumping: malihajaswani
Dumping: mgm
Dumping: nalinimalini
Dumping: nicofix
Dumping: opencart
Dumping: orgmail
Dumping: paperbank
Dumping: pavansukhdev
Dumping: performance_schema
Dumping: phocus
Dumping: phpmyadmin
Dumping: planning
Dumping: powaiplus
Dumping: premium
Dumping: press
Dumping: projectd9
Dumping: punjabiglobal
Dumping: ravijaswani
Dumping: revelfilms
Dumping: rhymestore
Dumping: ronnie
Dumping: saba
Dumping: sabadev
Dumping: sabaprop_wrdp1
Dumping: samvaad
Dumping: sejal
Dumping: shernavaz
Dumping: snu
Dumping: sony
Dumping: summer_games
Dumping: syedbros
Dumping: tatasalt
Dumping: teamvisio
Dumping: testa
Dumping: testdb
Dumping: testx
Dumping: tips
Dumping: trac_nucasino
Dumping: unicorn
Dumping: vuclip
Dumping: wordpress
Dumping: yarab
Syncing DB with: backup-dhmgtech@b.mgtech.in ...  
